TN:
SF:src/app.ts
FN:26,(anonymous_1)
FN:37,init
FN:42,close
FNF:3
FNH:2
FNDA:1,(anonymous_1)
FNDA:11,init
FNDA:0,close
DA:1,11
DA:2,11
DA:3,11
DA:4,11
DA:6,11
DA:8,11
DA:10,11
DA:11,11
DA:22,11
DA:23,11
DA:26,1
DA:37,11
DA:38,11
DA:39,11
DA:42,11
DA:43,0
DA:46,11
LF:17
LH:16
BRF:0
BRH:0
end_of_record
TN:
SF:src/server.ts
FN:5,(anonymous_6)
FN:6,(anonymous_7)
FNF:2
FNH:0
FNDA:0,(anonymous_6)
FNDA:0,(anonymous_7)
DA:1,0
DA:3,0
DA:5,0
DA:6,0
DA:8,0
LF:5
LH:0
BRDA:3,0,0,0
BRDA:3,0,1,0
BRF:2
BRH:0
end_of_record
TN:
SF:src/config/database.ts
FN:4,connectDb
FN:8,disconnectDB
FNF:2
FNH:1
FNDA:11,connectDb
FNDA:0,disconnectDB
DA:1,14
DA:4,14
DA:5,11
DA:8,14
DA:9,0
LF:5
LH:4
BRF:0
BRH:0
end_of_record
TN:
SF:src/config/envs.ts
FN:4,loadEnv
FNF:1
FNH:1
FNDA:25,loadEnv
DA:1,14
DA:2,14
DA:4,14
DA:6,25
DA:12,25
DA:13,25
LF:6
LH:6
BRDA:6,0,0,25
BRDA:6,0,1,0
BRDA:8,1,0,0
BRDA:8,1,1,0
BRF:4
BRH:1
end_of_record
TN:
SF:src/config/index.ts
FNF:0
FNH:0
DA:1,14
DA:2,14
LF:2
LH:2
BRF:0
BRH:0
end_of_record
TN:
SF:src/controllers/authentication-controller.ts
FN:5,singInPost
FNF:1
FNH:1
FNDA:5,singInPost
DA:2,11
DA:3,11
DA:5,11
DA:6,5
DA:8,5
DA:9,5
DA:11,3
DA:13,2
LF:8
LH:8
BRF:0
BRH:0
end_of_record
TN:
SF:src/controllers/booking-controller.ts
FN:7,getUserBookingWithRoom
FN:18,createBooking
FN:36,changeBooking
FNF:3
FNH:3
FNDA:2,getUserBookingWithRoom
FNDA:7,createBooking
FNDA:4,changeBooking
DA:2,11
DA:5,11
DA:7,11
DA:8,2
DA:10,2
DA:11,2
DA:12,1
DA:14,1
DA:18,11
DA:19,7
DA:20,7
DA:22,7
DA:23,7
DA:24,1
DA:26,6
DA:36,11
DA:37,4
DA:38,4
DA:39,4
DA:41,4
DA:42,4
DA:43,1
DA:45,3
LF:23
LH:23
BRF:0
BRH:0
end_of_record
TN:
SF:src/controllers/enrollments-controller.ts
FN:7,getEnrollmentByUser
FN:19,postCreateOrUpdateEnrollment
FN:32,getAddressFromCEP
FNF:3
FNH:3
FNDA:2,getEnrollmentByUser
FNDA:2,postCreateOrUpdateEnrollment
FNDA:2,getAddressFromCEP
DA:2,11
DA:4,11
DA:7,11
DA:8,2
DA:10,2
DA:11,2
DA:13,1
DA:15,1
DA:19,11
DA:20,2
DA:21,2
DA:26,2
DA:28,0
DA:32,11
DA:33,2
DA:34,2
DA:35,2
DA:36,1
DA:38,1
DA:39,1
LF:20
LH:19
BRDA:38,0,0,1
BRDA:38,1,0,1
BRDA:38,1,1,1
BRF:3
BRH:3
end_of_record
TN:
SF:src/controllers/events-controller.ts
FN:5,getDefaultEvent
FNF:1
FNH:1
FNDA:2,getDefaultEvent
DA:2,11
DA:3,11
DA:5,11
DA:6,2
DA:7,2
DA:8,1
DA:10,1
LF:7
LH:7
BRF:0
BRH:0
end_of_record
TN:
SF:src/controllers/hotels-controller.ts
FN:6,getHotels
FN:16,getHotelWithRoomsByHotelId
FNF:2
FNH:2
FNDA:7,getHotels
FNDA:7,getHotelWithRoomsByHotelId
DA:2,11
DA:4,11
DA:6,11
DA:7,7
DA:8,7
DA:9,7
DA:10,1
DA:12,6
DA:16,11
DA:17,7
DA:18,7
DA:19,7
DA:20,7
DA:21,1
DA:23,6
LF:15
LH:15
BRF:0
BRH:0
end_of_record
TN:
SF:src/controllers/index.ts
FNF:0
FNH:0
DA:1,11
DA:2,11
DA:3,11
DA:4,11
DA:5,11
DA:6,11
DA:7,11
LF:7
LH:7
BRF:0
BRH:0
end_of_record
TN:
SF:src/controllers/payments-controller.ts
FN:7,payTicket
FN:25,getPaymentByTicketId
FNF:2
FNH:2
FNDA:5,payTicket
FNDA:3,getPaymentByTicketId
DA:2,11
DA:4,11
DA:8,5
DA:9,5
DA:11,5
DA:12,5
DA:13,3
DA:15,2
DA:26,3
DA:27,3
DA:29,3
DA:30,3
DA:31,1
DA:33,2
DA:37,11
LF:15
LH:15
BRF:0
BRH:0
end_of_record
TN:
SF:src/controllers/tickets-controller.ts
FN:8,getTicketTypes
FN:17,getUserTicket
FN:33,createTicket
FNF:3
FNH:3
FNDA:2,getTicketTypes
FNDA:3,getUserTicket
FNDA:3,createTicket
DA:2,11
DA:5,11
DA:8,11
DA:9,2
DA:10,2
DA:11,2
DA:13,0
DA:17,11
DA:18,3
DA:19,3
DA:20,3
DA:21,1
DA:23,2
DA:33,11
DA:34,3
DA:35,3
DA:36,3
DA:41,3
DA:42,3
DA:43,2
DA:45,1
DA:46,1
DA:48,0
LF:23
LH:21
BRDA:45,0,0,1
BRF:1
BRH:1
end_of_record
TN:
SF:src/controllers/users-controller.ts
FN:5,usersPost
FNF:1
FNH:1
FNDA:6,usersPost
DA:2,11
DA:3,11
DA:5,11
DA:6,6
DA:8,6
DA:9,6
DA:10,3
DA:15,3
DA:16,1
DA:18,2
LF:10
LH:10
BRDA:15,0,0,1
BRF:1
BRH:1
end_of_record
TN:
SF:src/errors/cannot-enroll-before-start-date-error.ts
FN:3,cannotEnrollBeforeStartDateError
FNF:1
FNH:1
FNDA:2,cannotEnrollBeforeStartDateError
DA:3,11
DA:4,2
LF:2
LH:2
BRF:0
BRH:0
end_of_record
TN:
SF:src/errors/conflict-error.ts
FN:3,conflictError
FNF:1
FNH:0
FNDA:0,conflictError
DA:3,11
DA:4,0
LF:2
LH:1
BRF:0
BRH:0
end_of_record
TN:
SF:src/errors/forbidden-error.ts
FN:3,forbiddenError
FNF:1
FNH:1
FNDA:7,forbiddenError
DA:3,11
DA:4,7
LF:2
LH:2
BRF:0
BRH:0
end_of_record
TN:
SF:src/errors/index.ts
FNF:0
FNH:0
DA:1,11
DA:2,11
DA:3,11
DA:4,11
DA:5,11
DA:6,11
DA:7,11
DA:8,11
LF:8
LH:8
BRF:0
BRH:0
end_of_record
TN:
SF:src/errors/invalid-data-error.ts
FN:3,invalidDataError
FNF:1
FNH:1
FNDA:12,invalidDataError
DA:3,11
DA:4,12
LF:2
LH:2
BRF:0
BRH:0
end_of_record
TN:
SF:src/errors/invalid-email-error.ts
FN:3,invalidEmailError
FNF:1
FNH:0
FNDA:0,invalidEmailError
DA:3,11
DA:4,0
LF:2
LH:1
BRF:0
BRH:0
end_of_record
TN:
SF:src/errors/not-found-error.ts
FN:3,notFoundError
FNF:1
FNH:1
FNDA:16,notFoundError
DA:3,11
DA:4,16
LF:2
LH:2
BRF:0
BRH:0
end_of_record
TN:
SF:src/errors/payment-required.ts
FN:3,paymentRequired
FNF:1
FNH:1
FNDA:6,paymentRequired
DA:3,11
DA:4,6
LF:2
LH:2
BRF:0
BRH:0
end_of_record
TN:
SF:src/errors/request-error.ts
FN:3,requestError
FNF:1
FNH:1
FNDA:1,requestError
DA:3,11
DA:4,1
LF:2
LH:2
BRF:0
BRH:0
end_of_record
TN:
SF:src/errors/unauthorized-error.ts
FN:3,unauthorizedError
FN:10,unauthorizedOwnerError
FNF:2
FNH:2
FNDA:31,unauthorizedError
FNDA:2,unauthorizedOwnerError
DA:3,11
DA:4,31
DA:10,11
DA:11,2
LF:4
LH:4
BRF:0
BRH:0
end_of_record
TN:
SF:src/middlewares/authentication-middleware.ts
FN:8,authenticateToken
FN:33,generateUnauthorizedResponse
FNF:2
FNH:2
FNDA:85,authenticateToken
FNDA:31,generateUnauthorizedResponse
DA:2,11
DA:3,11
DA:5,11
DA:6,11
DA:8,11
DA:9,85
DA:10,85
DA:12,73
DA:13,73
DA:15,73
DA:16,73
DA:18,61
DA:23,61
DA:25,54
DA:27,54
DA:29,12
DA:34,31
LF:17
LH:17
BRDA:10,0,0,12
BRDA:13,1,0,0
BRDA:23,2,0,7
BRF:3
BRH:2
end_of_record
TN:
SF:src/middlewares/error-handling-middleware.ts
FN:5,handleApplicationErrors
FNF:1
FNH:1
FNDA:28,handleApplicationErrors
DA:2,11
DA:5,11
DA:11,28
DA:12,0
DA:17,28
DA:18,0
DA:23,28
DA:24,0
DA:29,28
DA:30,0
DA:35,28
DA:36,13
DA:41,15
DA:42,2
DA:47,13
DA:48,6
DA:53,7
DA:54,7
DA:60,0
DA:61,0
LF:20
LH:14
BRDA:11,0,0,0
BRDA:17,1,0,0
BRDA:17,2,0,28
BRDA:17,2,1,28
BRDA:23,3,0,0
BRDA:29,4,0,0
BRDA:35,5,0,13
BRDA:41,6,0,2
BRDA:47,7,0,6
BRDA:53,8,0,7
BRF:10
BRH:6
end_of_record
TN:
SF:src/middlewares/index.ts
FNF:0
FNH:0
DA:1,11
DA:2,11
DA:3,11
LF:3
LH:3
BRF:0
BRH:0
end_of_record
TN:
SF:src/middlewares/validation-middleware.ts
FN:6,validateBody
FN:10,validateParams
FN:14,validateQueries
FN:18,validate
FN:19,(anonymous_5)
FN:27,(anonymous_6)
FNF:6
FNH:5
FNDA:55,validateBody
FNDA:0,validateParams
FNDA:11,validateQueries
FNDA:66,validate
FNDA:35,(anonymous_5)
FNDA:28,(anonymous_6)
DA:2,11
DA:4,11
DA:6,11
DA:7,55
DA:10,11
DA:11,0
DA:14,11
DA:15,11
DA:19,66
DA:20,35
DA:24,35
DA:25,24
DA:27,28
LF:13
LH:12
BRDA:24,0,0,24
BRDA:24,0,1,11
BRF:2
BRH:2
end_of_record
TN:
SF:src/repositories/address-repository/index.ts
FN:4,upsert
FNF:1
FNH:1
FNDA:2,upsert
DA:2,11
DA:5,2
DA:20,11
DA:24,11
LF:4
LH:4
BRF:0
BRH:0
end_of_record
TN:
SF:src/repositories/booking-repository/index.ts
FN:10,getUserBookingWithRoom
FN:22,getBookingsByRoomId
FN:30,getBookingsByUserId
FN:43,createBooking
FN:59,changeBooking
FNF:5
FNH:5
FNDA:2,getUserBookingWithRoom
FNDA:4,getBookingsByRoomId
FNDA:4,getBookingsByUserId
FNDA:1,createBooking
FNDA:1,changeBooking
DA:2,11
DA:11,2
DA:23,4
DA:31,4
DA:44,1
DA:50,1
DA:60,1
DA:68,1
DA:73,11
DA:81,11
LF:10
LH:10
BRF:0
BRH:0
end_of_record
TN:
SF:src/repositories/enrollment-repository/index.ts
FN:4,findWithAddressByUserId
FN:13,upsert
FN:27,findById
FNF:3
FNH:2
FNDA:49,findWithAddressByUserId
FNDA:2,upsert
FNDA:0,findById
DA:2,11
DA:5,49
DA:18,2
DA:28,0
DA:36,11
DA:42,11
LF:6
LH:5
BRF:0
BRH:0
end_of_record
TN:
SF:src/repositories/event-repository/index.ts
FN:3,findFirst
FNF:1
FNH:1
FNDA:11,findFirst
DA:1,11
DA:4,11
DA:7,11
DA:11,11
LF:4
LH:4
BRF:0
BRH:0
end_of_record
TN:
SF:src/repositories/hotel-repository/index.ts
FN:4,findAll
FN:8,findWithRoomsById
FNF:2
FNH:2
FNDA:5,findAll
FNDA:5,findWithRoomsById
DA:2,11
DA:5,5
DA:9,5
DA:28,11
DA:33,11
LF:5
LH:5
BRF:0
BRH:0
end_of_record
TN:
SF:src/repositories/payment-repository/index.ts
FN:5,payTicket
FN:28,getPaymentByTicketId
FNF:2
FNH:2
FNDA:3,payTicket
FNDA:1,getPaymentByTicketId
DA:3,11
DA:6,3
DA:25,3
DA:29,1
DA:36,11
DA:41,11
LF:6
LH:6
BRF:0
BRH:0
end_of_record
TN:
SF:src/repositories/room-repository/index.ts
FN:4,getRoomById
FNF:1
FNH:1
FNDA:6,getRoomById
DA:2,11
DA:5,6
DA:12,11
DA:16,11
LF:4
LH:4
BRF:0
BRH:0
end_of_record
TN:
SF:src/repositories/session-repository/index.ts
FN:4,create
FNF:1
FNH:1
FNDA:5,create
DA:2,11
DA:5,5
DA:10,11
DA:14,11
LF:4
LH:4
BRF:0
BRH:0
end_of_record
TN:
SF:src/repositories/ticket-repository/index.ts
FN:5,getTicketTypes
FN:10,getUserTicket
FN:37,getTicketById
FN:66,createTicket
FNF:4
FNH:4
FNDA:2,getTicketTypes
FNDA:20,getUserTicket
FNDA:8,getTicketById
FNDA:2,createTicket
DA:1,11
DA:6,2
DA:7,2
DA:11,20
DA:38,8
DA:67,2
DA:69,2
DA:97,11
DA:104,11
LF:9
LH:9
BRF:0
BRH:0
end_of_record
TN:
SF:src/repositories/user-repository/index.ts
FN:4,findByEmail
FN:18,create
FNF:2
FNH:2
FNDA:16,findByEmail
FNDA:5,create
DA:2,11
DA:5,16
DA:11,16
DA:12,9
DA:15,16
DA:19,5
DA:24,11
DA:29,11
LF:8
LH:8
BRDA:11,0,0,9
BRF:1
BRH:1
end_of_record
TN:
SF:src/routers/authentication-router.ts
FNF:0
FNH:0
DA:1,11
DA:2,11
DA:3,11
DA:4,11
DA:6,11
DA:8,11
DA:10,11
LF:7
LH:7
BRF:0
BRH:0
end_of_record
TN:
SF:src/routers/bookings-router.ts
FNF:0
FNH:0
DA:1,11
DA:2,11
DA:3,11
DA:5,11
DA:7,11
DA:8,11
DA:9,11
DA:10,11
DA:12,11
LF:9
LH:9
BRF:0
BRH:0
end_of_record
TN:
SF:src/routers/enrollments-router.ts
FNF:0
FNH:0
DA:1,11
DA:2,11
DA:3,11
DA:4,11
DA:6,11
DA:8,11
DA:14,11
LF:7
LH:7
BRF:0
BRH:0
end_of_record
TN:
SF:src/routers/events-router.ts
FNF:0
FNH:0
DA:1,11
DA:2,11
DA:4,11
DA:6,11
DA:8,11
LF:5
LH:5
BRF:0
BRH:0
end_of_record
TN:
SF:src/routers/hotels-router.ts
FNF:0
FNH:0
DA:1,11
DA:2,11
DA:3,11
DA:5,11
DA:7,11
DA:8,11
DA:9,11
DA:11,11
LF:8
LH:8
BRF:0
BRH:0
end_of_record
TN:
SF:src/routers/index.ts
FNF:0
FNH:0
DA:1,11
DA:2,11
DA:3,11
DA:4,11
DA:5,11
DA:6,11
DA:7,11
DA:8,11
LF:8
LH:8
BRF:0
BRH:0
end_of_record
TN:
SF:src/routers/payments-router.ts
FNF:0
FNH:0
DA:1,11
DA:2,11
DA:3,11
DA:4,11
DA:6,11
DA:8,11
DA:13,11
LF:7
LH:7
BRF:0
BRH:0
end_of_record
TN:
SF:src/routers/tickets-router.ts
FNF:0
FNH:0
DA:1,11
DA:2,11
DA:3,11
DA:4,11
DA:6,11
DA:8,11
DA:9,11
DA:10,11
DA:11,11
DA:13,11
LF:10
LH:10
BRF:0
BRH:0
end_of_record
TN:
SF:src/routers/users-router.ts
FNF:0
FNH:0
DA:1,11
DA:3,11
DA:4,11
DA:5,11
DA:7,11
DA:9,11
DA:11,11
LF:7
LH:7
BRF:0
BRH:0
end_of_record
TN:
SF:src/schemas/authentication-schemas.ts
FNF:0
FNH:0
DA:1,14
DA:4,14
LF:2
LH:2
BRF:0
BRH:0
end_of_record
TN:
SF:src/schemas/enrollments-schemas.ts
FN:23,(anonymous_1)
FN:30,joiCpfValidation
FN:40,JoiCepValidation
FN:50,joiMobilePhoneValidation
FNF:4
FNH:4
FNDA:378,(anonymous_1)
FNDA:29,joiCpfValidation
FNDA:19,JoiCepValidation
FNDA:23,joiMobilePhoneValidation
DA:1,14
DA:2,14
DA:5,14
DA:7,14
DA:9,14
DA:11,14
DA:23,378
DA:31,29
DA:33,29
DA:34,1
DA:37,28
DA:41,19
DA:43,19
DA:44,1
DA:47,18
DA:51,23
DA:53,23
DA:54,0
DA:57,23
LF:19
LH:18
BRDA:31,0,0,0
BRDA:33,1,0,1
BRDA:41,2,0,0
BRDA:43,3,0,1
BRDA:51,4,0,0
BRDA:53,5,0,0
BRF:6
BRH:2
end_of_record
TN:
SF:src/schemas/index.ts
FNF:0
FNH:0
DA:1,14
DA:2,14
DA:3,14
LF:3
LH:3
BRF:0
BRH:0
end_of_record
TN:
SF:src/schemas/payments-schema.ts
FNF:0
FNH:0
DA:1,11
DA:4,11
DA:15,11
LF:3
LH:3
BRF:0
BRH:0
end_of_record
TN:
SF:src/schemas/tickets-schema.ts
FNF:0
FNH:0
DA:1,11
DA:7,11
LF:2
LH:2
BRF:0
BRH:0
end_of_record
TN:
SF:src/schemas/users-schemas.ts
FNF:0
FNH:0
DA:1,14
DA:4,14
LF:2
LH:2
BRF:0
BRH:0
end_of_record
TN:
SF:src/services/index.ts
FNF:0
FNH:0
DA:1,0
DA:2,0
DA:3,0
DA:4,0
LF:4
LH:0
BRF:0
BRH:0
end_of_record
TN:
SF:src/services/authentication-service/errors.ts
FN:3,invalidCredentialsError
FNF:1
FNH:1
FNDA:6,invalidCredentialsError
DA:3,11
DA:4,6
LF:2
LH:2
BRF:0
BRH:0
end_of_record
TN:
SF:src/services/authentication-service/index.ts
FN:9,signIn
FN:24,getUserOrFail
FN:31,createSession
FN:41,validatePasswordOrFail
FNF:4
FNH:4
FNDA:9,signIn
FNDA:9,getUserOrFail
FNDA:5,createSession
FNDA:7,validatePasswordOrFail
DA:2,11
DA:3,11
DA:4,11
DA:5,11
DA:6,11
DA:7,11
DA:10,9
DA:12,9
DA:14,7
DA:16,5
DA:18,5
DA:25,9
DA:26,9
DA:28,7
DA:32,5
DA:33,5
DA:38,5
DA:42,7
DA:43,7
DA:55,11
DA:59,11
DA:60,11
LF:22
LH:22
BRDA:26,0,0,2
BRDA:43,1,0,2
BRF:2
BRH:2
end_of_record
TN:
SF:src/services/booking-service/index.ts
FN:8,getUserBookingWithRoom
FN:19,createBooking
FN:53,changeBooking
FNF:3
FNH:3
FNDA:2,getUserBookingWithRoom
FNDA:7,createBooking
FNDA:4,changeBooking
DA:1,11
DA:3,11
DA:4,11
DA:5,11
DA:6,11
DA:9,2
DA:10,2
DA:11,1
DA:20,7
DA:21,7
DA:23,6
DA:24,6
DA:30,3
DA:37,3
DA:38,3
DA:40,2
DA:41,2
DA:42,1
DA:46,1
DA:54,4
DA:55,4
DA:57,3
DA:58,3
DA:60,2
DA:61,2
DA:63,1
DA:66,11
DA:72,11
LF:28
LH:28
BRDA:10,0,0,1
BRDA:21,1,0,1
BRDA:24,2,0,3
BRDA:25,3,0,6
BRDA:25,3,1,6
BRDA:25,3,2,5
BRDA:25,3,3,4
BRDA:38,4,0,1
BRDA:41,5,0,1
BRDA:55,6,0,1
BRDA:55,7,0,4
BRDA:55,7,1,3
BRDA:58,8,0,1
BRDA:61,9,0,1
BRF:14
BRH:14
end_of_record
TN:
SF:src/services/enrollments-service/index.ts
FN:10,getAddressFromCEP
FN:27,getOneWithAddressByUserId
FN:43,getFirstAddress
FN:51,createOrUpdateEnrollmentWithAddress
FN:66,getAddressForUpsert
FNF:5
FNH:5
FNDA:4,getAddressFromCEP
FNDA:2,getOneWithAddressByUserId
FNDA:1,getFirstAddress
FNDA:2,createOrUpdateEnrollmentWithAddress
FNDA:2,getAddressForUpsert
DA:3,11
DA:4,11
DA:5,11
DA:6,11
DA:7,11
DA:11,4
DA:13,4
DA:14,1
DA:17,3
DA:19,3
DA:20,0
DA:23,3
DA:24,3
DA:28,2
DA:30,2
DA:32,1
DA:33,1
DA:35,1
DA:44,1
DA:46,1
DA:52,2
DA:53,2
DA:55,2
DA:56,2
DA:58,0
DA:61,2
DA:63,2
DA:67,2
DA:77,11
DA:83,11
LF:30
LH:28
BRDA:13,0,0,1
BRDA:19,1,0,0
BRDA:30,2,0,1
BRDA:37,3,0,1
BRDA:37,3,1,1
BRDA:44,4,0,0
BRDA:69,5,0,2
BRDA:69,5,1,2
BRF:8
BRH:6
end_of_record
TN:
SF:src/services/events-service/index.ts
FN:7,getFirstEvent
FN:16,isCurrentEventActive
FNF:2
FNH:2
FNDA:2,getFirstEvent
FNDA:9,isCurrentEventActive
DA:2,11
DA:3,11
DA:4,11
DA:5,11
DA:8,2
DA:9,2
DA:11,1
DA:17,9
DA:18,9
DA:20,8
DA:21,8
DA:22,8
DA:24,8
DA:27,11
DA:32,11
LF:15
LH:15
BRDA:9,0,0,1
BRDA:18,1,0,1
BRDA:24,2,0,8
BRDA:24,2,1,7
BRF:4
BRH:4
end_of_record
TN:
SF:src/services/hotels-service/index.ts
FN:7,getHotels
FN:23,getHotelWithRoomsByHotelId
FNF:2
FNH:2
FNDA:7,getHotels
FNDA:7,getHotelWithRoomsByHotelId
DA:1,11
DA:2,11
DA:3,11
DA:4,11
DA:5,11
DA:8,7
DA:9,7
DA:10,5
DA:12,5
DA:13,5
DA:14,4
DA:15,3
DA:16,2
DA:18,1
DA:24,7
DA:25,7
DA:26,5
DA:28,5
DA:29,5
DA:30,4
DA:31,3
DA:32,2
DA:34,1
DA:37,11
DA:42,11
LF:25
LH:25
BRDA:12,0,0,0
BRDA:12,1,0,5
BRDA:12,1,1,5
BRDA:13,2,0,1
BRDA:14,3,0,1
BRDA:15,4,0,1
BRDA:16,5,0,1
BRDA:28,6,0,0
BRDA:28,7,0,5
BRDA:28,7,1,5
BRDA:29,8,0,1
BRDA:30,9,0,1
BRDA:31,10,0,1
BRDA:32,11,0,1
BRF:14
BRH:12
end_of_record
TN:
SF:src/services/payments-service/index.ts
FN:17,payTicket
FN:31,getPaymentByTicketId
FNF:2
FNH:2
FNDA:5,payTicket
FNDA:3,getPaymentByTicketId
DA:2,11
DA:4,11
DA:5,11
DA:6,11
DA:18,5
DA:19,5
DA:21,4
DA:22,4
DA:24,4
DA:26,3
DA:28,3
DA:32,3
DA:33,3
DA:35,2
DA:36,2
DA:38,1
DA:41,11
DA:46,11
LF:18
LH:18
BRDA:19,0,0,1
BRDA:22,1,0,0
BRDA:24,2,0,1
BRDA:33,3,0,1
BRDA:36,4,0,1
BRF:5
BRH:4
end_of_record
TN:
SF:src/services/tickets-service/index.ts
FN:7,getTicketTypes
FN:11,getUserTicket
FN:21,createTicket
FNF:3
FNH:3
FNDA:2,getTicketTypes
FNDA:17,getUserTicket
FNDA:3,createTicket
DA:2,11
DA:4,11
DA:5,11
DA:8,2
DA:12,17
DA:13,17
DA:15,14
DA:16,14
DA:18,11
DA:22,3
DA:23,3
DA:25,2
DA:30,2
DA:33,11
DA:39,11
LF:15
LH:15
BRDA:13,0,0,3
BRDA:16,1,0,3
BRDA:23,2,0,1
BRF:3
BRH:3
end_of_record
TN:
SF:src/services/users-service/errors.ts
FN:3,duplicatedEmailError
FNF:1
FNH:1
FNDA:4,duplicatedEmailError
DA:3,11
DA:4,4
LF:2
LH:2
BRF:0
BRH:0
end_of_record
TN:
SF:src/services/users-service/index.ts
FN:8,createUser
FN:20,validateUniqueEmailOrFail
FN:27,canEnrollOrFail
FNF:3
FNH:3
FNDA:9,createUser
FNDA:7,validateUniqueEmailOrFail
FNDA:9,canEnrollOrFail
DA:2,11
DA:3,11
DA:4,11
DA:5,11
DA:6,11
DA:8,11
DA:9,9
DA:11,7
DA:13,5
DA:14,5
DA:21,7
DA:22,7
DA:23,2
DA:28,9
DA:29,9
DA:30,2
DA:36,11
DA:40,11
DA:41,11
LF:19
LH:19
BRDA:22,0,0,2
BRDA:29,1,0,2
BRF:2
BRH:2
end_of_record
TN:
SF:src/utils/prisma-utils.ts
FN:1,exclude
FNF:1
FNH:1
FNDA:12,exclude
DA:1,11
DA:2,12
DA:3,12
DA:4,18
DA:6,12
LF:5
LH:5
BRF:0
BRH:0
end_of_record
TN:
SF:src/utils/request.ts
FN:4,get
FNF:1
FNH:1
FNDA:4,get
DA:1,11
DA:2,11
DA:5,4
DA:6,4
DA:7,3
DA:9,1
DA:11,1
DA:15,11
LF:8
LH:8
BRF:0
BRH:0
end_of_record
